[DEBUG] 2018-09-07 22:27:13.681 [main] selectProperty - ==>  Preparing: select * from ACT_GE_PROPERTY where NAME_ = ? 
[DEBUG] 2018-09-07 22:27:13.857 [main] selectProperty - ==> Parameters: schema.version(String)
[DEBUG] 2018-09-07 22:27:13.865 [main] selectProperty - <==      Total: 1
[DEBUG] 2018-09-07 22:27:13.905 [main] selectProperty - ==>  Preparing: select * from ACT_GE_PROPERTY where NAME_ = ? 
[DEBUG] 2018-09-07 22:27:13.906 [main] selectProperty - ==> Parameters: cfg.execution-related-entities-count(String)
[DEBUG] 2018-09-07 22:27:13.908 [main] selectProperty - <==      Total: 1
[DEBUG] 2018-09-07 22:27:20.114 [main] selectProperty - ==>  Preparing: select * from ACT_GE_PROPERTY where NAME_ = ? 
[DEBUG] 2018-09-07 22:27:20.115 [main] selectProperty - ==> Parameters: next.dbid(String)
[DEBUG] 2018-09-07 22:27:20.131 [main] selectProperty - <==      Total: 1
[DEBUG] 2018-09-07 22:27:20.133 [main] updateProperty - ==>  Preparing: update ACT_GE_PROPERTY SET REV_ = ?, VALUE_ = ? where NAME_ = ? and REV_ = ? 
[DEBUG] 2018-09-07 22:27:20.184 [main] updateProperty - ==> Parameters: 12(Integer), 27501(String), next.dbid(String), 11(Integer)
[DEBUG] 2018-09-07 22:27:20.185 [main] updateProperty - <==    Updates: 1
[DEBUG] 2018-09-07 22:27:21.182 [main] selectLatestProcessDefinitionByKey - ==>  Preparing: select * from ACT_RE_PROCDEF where KEY_ = ? and (TENANT_ID_ = '' or TENANT_ID_ is null) and VERSION_ = (select max(VERSION_) from ACT_RE_PROCDEF where KEY_ = ? and (TENANT_ID_ = '' or TENANT_ID_ is null)) 
[DEBUG] 2018-09-07 22:27:21.265 [main] selectLatestProcessDefinitionByKey - ==> Parameters: task(String), task(String)
[DEBUG] 2018-09-07 22:27:21.297 [main] selectLatestProcessDefinitionByKey - <==      Total: 1
[DEBUG] 2018-09-07 22:27:21.410 [main] selectEventSubscriptionsByTypeAndProcessDefinitionId - ==>  Preparing: select * from ACT_RU_EVENT_SUBSCR WHERE (EVENT_TYPE_ = ?) and PROC_DEF_ID_ = ? and EXECUTION_ID_ is null and PROC_INST_ID_ is null and (TENANT_ID_ = '' or TENANT_ID_ is null) 
[DEBUG] 2018-09-07 22:27:21.413 [main] selectEventSubscriptionsByTypeAndProcessDefinitionId - ==> Parameters: message(String), task:1:17504(String)
[DEBUG] 2018-09-07 22:27:21.417 [main] selectEventSubscriptionsByTypeAndProcessDefinitionId - <==      Total: 0
[DEBUG] 2018-09-07 22:27:21.418 [main] selectEventSubscriptionsByTypeAndProcessDefinitionId - ==>  Preparing: select * from ACT_RU_EVENT_SUBSCR WHERE (EVENT_TYPE_ = ?) and PROC_DEF_ID_ = ? and EXECUTION_ID_ is null and PROC_INST_ID_ is null and (TENANT_ID_ = '' or TENANT_ID_ is null) 
[DEBUG] 2018-09-07 22:27:21.419 [main] selectEventSubscriptionsByTypeAndProcessDefinitionId - ==> Parameters: signal(String), task:1:17504(String)
[DEBUG] 2018-09-07 22:27:21.435 [main] selectEventSubscriptionsByTypeAndProcessDefinitionId - <==      Total: 0
[DEBUG] 2018-09-07 22:27:21.436 [main] selectTimerJobByTypeAndProcessDefinitionKeyNoTenantId - ==>  Preparing: select J.* from ACT_RU_TIMER_JOB J inner join ACT_RE_PROCDEF P on J.PROC_DEF_ID_ = P.ID_ where J.HANDLER_TYPE_ = ? and P.KEY_ = ? and (P.TENANT_ID_ = '' or P.TENANT_ID_ is null) 
[DEBUG] 2018-09-07 22:27:21.460 [main] selectTimerJobByTypeAndProcessDefinitionKeyNoTenantId - ==> Parameters: timer-start-event(String), task(String)
[DEBUG] 2018-09-07 22:27:21.483 [main] selectTimerJobByTypeAndProcessDefinitionKeyNoTenantId - <==      Total: 0
[DEBUG] 2018-09-07 22:27:21.506 [main] selectProcessDefinitionInfoByProcessDefinitionId - ==>  Preparing: select * from ACT_PROCDEF_INFO where PROC_DEF_ID_ = ? 
[DEBUG] 2018-09-07 22:27:21.507 [main] selectProcessDefinitionInfoByProcessDefinitionId - ==> Parameters: task:2:25004(String)
[DEBUG] 2018-09-07 22:27:21.509 [main] selectProcessDefinitionInfoByProcessDefinitionId - <==      Total: 0
[DEBUG] 2018-09-07 22:27:21.510 [main] insertProcessDefinition - ==>  Preparing: insert into ACT_RE_PROCDEF(ID_, REV_, CATEGORY_, NAME_, KEY_, VERSION_, DEPLOYMENT_ID_, RESOURCE_NAME_, DGRM_RESOURCE_NAME_, DESCRIPTION_, HAS_START_FORM_KEY_, HAS_GRAPHICAL_NOTATION_ , SUSPENSION_STATE_, TENANT_ID_, ENGINE_VERSION_) values (?, 1, ?, ?, ?, ?, ?, ?, ?, ?, ?, ?, ?, ?, ?) 
[DEBUG] 2018-09-07 22:27:21.530 [main] insertProcessDefinition - ==> Parameters: task:2:25004(String), http://www.activiti.org/test(String), taskProcess(String), task(String), 2(Integer), 25001(String), processes/task.bpmn(String), processes/task.task.png(String), null, false(Boolean), true(Boolean), 1(Integer), (String), null
[DEBUG] 2018-09-07 22:27:21.554 [main] insertProcessDefinition - <==    Updates: 1
[DEBUG] 2018-09-07 22:27:21.556 [main] insertDeployment - ==>  Preparing: insert into ACT_RE_DEPLOYMENT(ID_, NAME_, CATEGORY_, KEY_, TENANT_ID_, DEPLOY_TIME_, ENGINE_VERSION_) values(?, ?, ?, ?, ?, ?, ?) 
[DEBUG] 2018-09-07 22:27:21.558 [main] insertDeployment - ==> Parameters: 25001(String), 组任务流程(String), null, null, (String), 2018-09-07 22:27:20.111(Timestamp), null
[DEBUG] 2018-09-07 22:27:21.560 [main] insertDeployment - <==    Updates: 1
[DEBUG] 2018-09-07 22:27:21.563 [main] bulkInsertResource - ==>  Preparing: INSERT INTO ACT_GE_BYTEARRAY(ID_, REV_, NAME_, BYTES_, DEPLOYMENT_ID_, GENERATED_) VALUES (?, 1, ?, ?, ?, ?) , (?, 1, ?, ?, ?, ?) 
[DEBUG] 2018-09-07 22:27:21.564 [main] bulkInsertResource - ==> Parameters: 25002(String), processes/task.bpmn(String), java.io.ByteArrayInputStream@7a522157(ByteArrayInputStream), 25001(String), false(Boolean), 25003(String), processes/task.task.png(String), java.io.ByteArrayInputStream@706c062e(ByteArrayInputStream), 25001(String), true(Boolean)
[DEBUG] 2018-09-07 22:27:21.574 [main] bulkInsertResource - <==    Updates: 2
[DEBUG] 2018-09-07 22:30:57.399 [main] selectProperty - ==>  Preparing: select * from ACT_GE_PROPERTY where NAME_ = ? 
[DEBUG] 2018-09-07 22:30:57.469 [main] selectProperty - ==> Parameters: schema.version(String)
[DEBUG] 2018-09-07 22:30:57.482 [main] selectProperty - <==      Total: 1
[DEBUG] 2018-09-07 22:30:57.517 [main] selectProperty - ==>  Preparing: select * from ACT_GE_PROPERTY where NAME_ = ? 
[DEBUG] 2018-09-07 22:30:57.518 [main] selectProperty - ==> Parameters: cfg.execution-related-entities-count(String)
[DEBUG] 2018-09-07 22:30:57.519 [main] selectProperty - <==      Total: 1
[DEBUG] 2018-09-07 22:31:06.265 [main] selectProperty - ==>  Preparing: select * from ACT_GE_PROPERTY where NAME_ = ? 
[DEBUG] 2018-09-07 22:31:06.266 [main] selectProperty - ==> Parameters: next.dbid(String)
[DEBUG] 2018-09-07 22:31:06.268 [main] selectProperty - <==      Total: 1
[DEBUG] 2018-09-07 22:31:06.270 [main] updateProperty - ==>  Preparing: update ACT_GE_PROPERTY SET REV_ = ?, VALUE_ = ? where NAME_ = ? and REV_ = ? 
[DEBUG] 2018-09-07 22:31:06.278 [main] updateProperty - ==> Parameters: 13(Integer), 30001(String), next.dbid(String), 12(Integer)
[DEBUG] 2018-09-07 22:31:06.280 [main] updateProperty - <==    Updates: 1
[DEBUG] 2018-09-07 22:31:07.138 [main] selectLatestProcessDefinitionByKey - ==>  Preparing: select * from ACT_RE_PROCDEF where KEY_ = ? and (TENANT_ID_ = '' or TENANT_ID_ is null) and VERSION_ = (select max(VERSION_) from ACT_RE_PROCDEF where KEY_ = ? and (TENANT_ID_ = '' or TENANT_ID_ is null)) 
[DEBUG] 2018-09-07 22:31:07.152 [main] selectLatestProcessDefinitionByKey - ==> Parameters: task(String), task(String)
[DEBUG] 2018-09-07 22:31:07.156 [main] selectLatestProcessDefinitionByKey - <==      Total: 1
[DEBUG] 2018-09-07 22:31:07.223 [main] selectEventSubscriptionsByTypeAndProcessDefinitionId - ==>  Preparing: select * from ACT_RU_EVENT_SUBSCR WHERE (EVENT_TYPE_ = ?) and PROC_DEF_ID_ = ? and EXECUTION_ID_ is null and PROC_INST_ID_ is null and (TENANT_ID_ = '' or TENANT_ID_ is null) 
[DEBUG] 2018-09-07 22:31:07.226 [main] selectEventSubscriptionsByTypeAndProcessDefinitionId - ==> Parameters: message(String), task:2:25004(String)
[DEBUG] 2018-09-07 22:31:07.232 [main] selectEventSubscriptionsByTypeAndProcessDefinitionId - <==      Total: 0
[DEBUG] 2018-09-07 22:31:07.233 [main] selectEventSubscriptionsByTypeAndProcessDefinitionId - ==>  Preparing: select * from ACT_RU_EVENT_SUBSCR WHERE (EVENT_TYPE_ = ?) and PROC_DEF_ID_ = ? and EXECUTION_ID_ is null and PROC_INST_ID_ is null and (TENANT_ID_ = '' or TENANT_ID_ is null) 
[DEBUG] 2018-09-07 22:31:07.234 [main] selectEventSubscriptionsByTypeAndProcessDefinitionId - ==> Parameters: signal(String), task:2:25004(String)
[DEBUG] 2018-09-07 22:31:07.238 [main] selectEventSubscriptionsByTypeAndProcessDefinitionId - <==      Total: 0
[DEBUG] 2018-09-07 22:31:07.240 [main] selectTimerJobByTypeAndProcessDefinitionKeyNoTenantId - ==>  Preparing: select J.* from ACT_RU_TIMER_JOB J inner join ACT_RE_PROCDEF P on J.PROC_DEF_ID_ = P.ID_ where J.HANDLER_TYPE_ = ? and P.KEY_ = ? and (P.TENANT_ID_ = '' or P.TENANT_ID_ is null) 
[DEBUG] 2018-09-07 22:31:07.249 [main] selectTimerJobByTypeAndProcessDefinitionKeyNoTenantId - ==> Parameters: timer-start-event(String), task(String)
[DEBUG] 2018-09-07 22:31:07.251 [main] selectTimerJobByTypeAndProcessDefinitionKeyNoTenantId - <==      Total: 0
[DEBUG] 2018-09-07 22:31:07.321 [main] selectProcessDefinitionInfoByProcessDefinitionId - ==>  Preparing: select * from ACT_PROCDEF_INFO where PROC_DEF_ID_ = ? 
[DEBUG] 2018-09-07 22:31:07.323 [main] selectProcessDefinitionInfoByProcessDefinitionId - ==> Parameters: task:3:27504(String)
[DEBUG] 2018-09-07 22:31:07.324 [main] selectProcessDefinitionInfoByProcessDefinitionId - <==      Total: 0
[DEBUG] 2018-09-07 22:31:07.325 [main] insertProcessDefinition - ==>  Preparing: insert into ACT_RE_PROCDEF(ID_, REV_, CATEGORY_, NAME_, KEY_, VERSION_, DEPLOYMENT_ID_, RESOURCE_NAME_, DGRM_RESOURCE_NAME_, DESCRIPTION_, HAS_START_FORM_KEY_, HAS_GRAPHICAL_NOTATION_ , SUSPENSION_STATE_, TENANT_ID_, ENGINE_VERSION_) values (?, 1, ?, ?, ?, ?, ?, ?, ?, ?, ?, ?, ?, ?, ?) 
[DEBUG] 2018-09-07 22:31:07.472 [main] insertProcessDefinition - ==> Parameters: task:3:27504(String), http://www.activiti.org/test(String), taskProcess(String), task(String), 3(Integer), 27501(String), processes/task.bpmn(String), processes/task.task.png(String), null, false(Boolean), true(Boolean), 1(Integer), (String), null
[DEBUG] 2018-09-07 22:31:07.476 [main] insertProcessDefinition - <==    Updates: 1
[DEBUG] 2018-09-07 22:31:07.477 [main] insertDeployment - ==>  Preparing: insert into ACT_RE_DEPLOYMENT(ID_, NAME_, CATEGORY_, KEY_, TENANT_ID_, DEPLOY_TIME_, ENGINE_VERSION_) values(?, ?, ?, ?, ?, ?, ?) 
[DEBUG] 2018-09-07 22:31:07.481 [main] insertDeployment - ==> Parameters: 27501(String), 组任务流程(String), null, null, (String), 2018-09-07 22:31:06.262(Timestamp), null
[DEBUG] 2018-09-07 22:31:07.484 [main] insertDeployment - <==    Updates: 1
[DEBUG] 2018-09-07 22:31:07.503 [main] bulkInsertResource - ==>  Preparing: INSERT INTO ACT_GE_BYTEARRAY(ID_, REV_, NAME_, BYTES_, DEPLOYMENT_ID_, GENERATED_) VALUES (?, 1, ?, ?, ?, ?) , (?, 1, ?, ?, ?, ?) 
[DEBUG] 2018-09-07 22:31:07.528 [main] bulkInsertResource - ==> Parameters: 27502(String), processes/task.bpmn(String), java.io.ByteArrayInputStream@3d213a2b(ByteArrayInputStream), 27501(String), false(Boolean), 27503(String), processes/task.task.png(String), java.io.ByteArrayInputStream@27691ee8(ByteArrayInputStream), 27501(String), true(Boolean)
[DEBUG] 2018-09-07 22:31:07.589 [main] bulkInsertResource - <==    Updates: 2
[DEBUG] 2018-09-07 22:31:07.982 [main] selectProcessDefinition - ==>  Preparing: select * from ACT_RE_PROCDEF where ID_ = ? 
[DEBUG] 2018-09-07 22:31:07.983 [main] selectProcessDefinition - ==> Parameters: task:2:25004(String)
[DEBUG] 2018-09-07 22:31:07.986 [main] selectProcessDefinition - <==      Total: 1
[DEBUG] 2018-09-07 22:31:07.987 [main] selectDeployment - ==>  Preparing: select * from ACT_RE_DEPLOYMENT where ID_ = ? 
[DEBUG] 2018-09-07 22:31:07.988 [main] selectDeployment - ==> Parameters: 25001(String)
[DEBUG] 2018-09-07 22:31:07.991 [main] selectDeployment - <==      Total: 1
[DEBUG] 2018-09-07 22:31:07.993 [main] selectResourcesByDeploymentId - ==>  Preparing: select * from ACT_GE_BYTEARRAY where DEPLOYMENT_ID_ = ? order by NAME_ asc 
[DEBUG] 2018-09-07 22:31:07.998 [main] selectResourcesByDeploymentId - ==> Parameters: 25001(String)
[DEBUG] 2018-09-07 22:31:08.006 [main] selectResourcesByDeploymentId - <==      Total: 2
[DEBUG] 2018-09-07 22:31:08.010 [main] selectProcessDefinitionByDeploymentAndKey - ==>  Preparing: select * from ACT_RE_PROCDEF where DEPLOYMENT_ID_ = ? and KEY_ = ? and (TENANT_ID_ = '' or TENANT_ID_ is null) 
[DEBUG] 2018-09-07 22:31:08.012 [main] selectProcessDefinitionByDeploymentAndKey - ==> Parameters: 25001(String), task(String)
[DEBUG] 2018-09-07 22:31:08.016 [main] selectProcessDefinitionByDeploymentAndKey - <==      Total: 1
[DEBUG] 2018-09-07 22:31:08.017 [main] selectProcessDefinitionInfoByProcessDefinitionId - ==>  Preparing: select * from ACT_PROCDEF_INFO where PROC_DEF_ID_ = ? 
[DEBUG] 2018-09-07 22:31:08.018 [main] selectProcessDefinitionInfoByProcessDefinitionId - ==> Parameters: task:2:25004(String)
[DEBUG] 2018-09-07 22:31:08.021 [main] selectProcessDefinitionInfoByProcessDefinitionId - <==      Total: 0
[DEBUG] 2018-09-07 22:31:08.038 [main] ExecutionEntityManagerImpl - Child execution Execution[ id '27506' ] - parent '27505' created with parent 27505
[DEBUG] 2018-09-07 22:31:08.114 [main] selectIdentityLinksByTask - ==>  Preparing: select * from ACT_RU_IDENTITYLINK where TASK_ID_ = ? 
[DEBUG] 2018-09-07 22:31:08.116 [main] selectIdentityLinksByTask - ==> Parameters: 27509(String)
[DEBUG] 2018-09-07 22:31:08.118 [main] selectIdentityLinksByTask - <==      Total: 0
[DEBUG] 2018-09-07 22:34:12.053 [main] selectProperty - ==>  Preparing: select * from ACT_GE_PROPERTY where NAME_ = ? 
[DEBUG] 2018-09-07 22:34:12.086 [main] selectProperty - ==> Parameters: cfg.execution-related-entities-count(String)
[DEBUG] 2018-09-07 22:34:12.093 [main] selectProperty - <==      Total: 0
[DEBUG] 2018-09-07 22:34:12.096 [main] insertProperty - ==>  Preparing: insert into ACT_GE_PROPERTY ( NAME_, VALUE_, REV_ ) values ( ?, ?, 1 ) 
[DEBUG] 2018-09-07 22:34:12.100 [main] insertProperty - ==> Parameters: cfg.execution-related-entities-count(String), false(String)
[DEBUG] 2018-09-07 22:34:12.101 [main] insertProperty - <==    Updates: 1
[DEBUG] 2018-09-07 22:34:16.831 [main] selectProperty - ==>  Preparing: select * from ACT_GE_PROPERTY where NAME_ = ? 
[DEBUG] 2018-09-07 22:34:16.831 [main] selectProperty - ==> Parameters: next.dbid(String)
[DEBUG] 2018-09-07 22:34:16.834 [main] selectProperty - <==      Total: 1
[DEBUG] 2018-09-07 22:34:16.837 [main] updateProperty - ==>  Preparing: update ACT_GE_PROPERTY SET REV_ = ?, VALUE_ = ? where NAME_ = ? and REV_ = ? 
[DEBUG] 2018-09-07 22:34:16.842 [main] updateProperty - ==> Parameters: 2(Integer), 2501(String), next.dbid(String), 1(Integer)
[DEBUG] 2018-09-07 22:34:16.843 [main] updateProperty - <==    Updates: 1
[DEBUG] 2018-09-07 22:34:17.458 [main] selectLatestProcessDefinitionByKey - ==>  Preparing: select * from ACT_RE_PROCDEF where KEY_ = ? and (TENANT_ID_ = '' or TENANT_ID_ is null) and VERSION_ = (select max(VERSION_) from ACT_RE_PROCDEF where KEY_ = ? and (TENANT_ID_ = '' or TENANT_ID_ is null)) 
[DEBUG] 2018-09-07 22:34:17.464 [main] selectLatestProcessDefinitionByKey - ==> Parameters: task(String), task(String)
[DEBUG] 2018-09-07 22:34:17.483 [main] selectLatestProcessDefinitionByKey - <==      Total: 0
[DEBUG] 2018-09-07 22:34:17.487 [main] selectTimerJobByTypeAndProcessDefinitionKeyNoTenantId - ==>  Preparing: select J.* from ACT_RU_TIMER_JOB J inner join ACT_RE_PROCDEF P on J.PROC_DEF_ID_ = P.ID_ where J.HANDLER_TYPE_ = ? and P.KEY_ = ? and (P.TENANT_ID_ = '' or P.TENANT_ID_ is null) 
[DEBUG] 2018-09-07 22:34:17.490 [main] selectTimerJobByTypeAndProcessDefinitionKeyNoTenantId - ==> Parameters: timer-start-event(String), task(String)
[DEBUG] 2018-09-07 22:34:17.502 [main] selectTimerJobByTypeAndProcessDefinitionKeyNoTenantId - <==      Total: 0
[DEBUG] 2018-09-07 22:34:17.506 [main] selectProcessDefinitionInfoByProcessDefinitionId - ==>  Preparing: select * from ACT_PROCDEF_INFO where PROC_DEF_ID_ = ? 
[DEBUG] 2018-09-07 22:34:17.506 [main] selectProcessDefinitionInfoByProcessDefinitionId - ==> Parameters: task:1:4(String)
[DEBUG] 2018-09-07 22:34:17.507 [main] selectProcessDefinitionInfoByProcessDefinitionId - <==      Total: 0
[DEBUG] 2018-09-07 22:34:17.508 [main] insertProcessDefinition - ==>  Preparing: insert into ACT_RE_PROCDEF(ID_, REV_, CATEGORY_, NAME_, KEY_, VERSION_, DEPLOYMENT_ID_, RESOURCE_NAME_, DGRM_RESOURCE_NAME_, DESCRIPTION_, HAS_START_FORM_KEY_, HAS_GRAPHICAL_NOTATION_ , SUSPENSION_STATE_, TENANT_ID_, ENGINE_VERSION_) values (?, 1, ?, ?, ?, ?, ?, ?, ?, ?, ?, ?, ?, ?, ?) 
[DEBUG] 2018-09-07 22:34:17.511 [main] insertProcessDefinition - ==> Parameters: task:1:4(String), http://www.activiti.org/test(String), taskProcess(String), task(String), 1(Integer), 1(String), processes/task.bpmn(String), processes/task.task.png(String), null, false(Boolean), true(Boolean), 1(Integer), (String), null
[DEBUG] 2018-09-07 22:34:17.512 [main] insertProcessDefinition - <==    Updates: 1
[DEBUG] 2018-09-07 22:34:17.513 [main] insertDeployment - ==>  Preparing: insert into ACT_RE_DEPLOYMENT(ID_, NAME_, CATEGORY_, KEY_, TENANT_ID_, DEPLOY_TIME_, ENGINE_VERSION_) values(?, ?, ?, ?, ?, ?, ?) 
[DEBUG] 2018-09-07 22:34:17.515 [main] insertDeployment - ==> Parameters: 1(String), 组任务流程(String), null, null, (String), 2018-09-07 22:34:16.829(Timestamp), null
[DEBUG] 2018-09-07 22:34:17.517 [main] insertDeployment - <==    Updates: 1
[DEBUG] 2018-09-07 22:34:17.533 [main] bulkInsertResource - ==>  Preparing: INSERT INTO ACT_GE_BYTEARRAY(ID_, REV_, NAME_, BYTES_, DEPLOYMENT_ID_, GENERATED_) VALUES (?, 1, ?, ?, ?, ?) , (?, 1, ?, ?, ?, ?) 
[DEBUG] 2018-09-07 22:34:17.535 [main] bulkInsertResource - ==> Parameters: 2(String), processes/task.bpmn(String), java.io.ByteArrayInputStream@14624acc(ByteArrayInputStream), 1(String), false(Boolean), 3(String), processes/task.task.png(String), java.io.ByteArrayInputStream@1b6e4761(ByteArrayInputStream), 1(String), true(Boolean)
[DEBUG] 2018-09-07 22:34:17.538 [main] bulkInsertResource - <==    Updates: 2
[DEBUG] 2018-09-07 22:35:31.539 [main] selectProperty - ==>  Preparing: select * from ACT_GE_PROPERTY where NAME_ = ? 
[DEBUG] 2018-09-07 22:35:31.580 [main] selectProperty - ==> Parameters: schema.version(String)
[DEBUG] 2018-09-07 22:35:31.590 [main] selectProperty - <==      Total: 1
[DEBUG] 2018-09-07 22:35:31.611 [main] selectProperty - ==>  Preparing: select * from ACT_GE_PROPERTY where NAME_ = ? 
[DEBUG] 2018-09-07 22:35:31.611 [main] selectProperty - ==> Parameters: cfg.execution-related-entities-count(String)
[DEBUG] 2018-09-07 22:35:31.613 [main] selectProperty - <==      Total: 1
[DEBUG] 2018-09-07 22:35:42.838 [main] selectProperty - ==>  Preparing: select * from ACT_GE_PROPERTY where NAME_ = ? 
[DEBUG] 2018-09-07 22:35:42.844 [main] selectProperty - ==> Parameters: next.dbid(String)
[DEBUG] 2018-09-07 22:35:42.853 [main] selectProperty - <==      Total: 1
[DEBUG] 2018-09-07 22:35:42.860 [main] updateProperty - ==>  Preparing: update ACT_GE_PROPERTY SET REV_ = ?, VALUE_ = ? where NAME_ = ? and REV_ = ? 
[DEBUG] 2018-09-07 22:35:42.883 [main] updateProperty - ==> Parameters: 3(Integer), 5001(String), next.dbid(String), 2(Integer)
[DEBUG] 2018-09-07 22:35:42.890 [main] updateProperty - <==    Updates: 1
[DEBUG] 2018-09-07 22:35:43.771 [main] selectLatestProcessDefinitionByKey - ==>  Preparing: select * from ACT_RE_PROCDEF where KEY_ = ? and (TENANT_ID_ = '' or TENANT_ID_ is null) and VERSION_ = (select max(VERSION_) from ACT_RE_PROCDEF where KEY_ = ? and (TENANT_ID_ = '' or TENANT_ID_ is null)) 
[DEBUG] 2018-09-07 22:35:43.784 [main] selectLatestProcessDefinitionByKey - ==> Parameters: task(String), task(String)
[DEBUG] 2018-09-07 22:35:43.801 [main] selectLatestProcessDefinitionByKey - <==      Total: 1
[DEBUG] 2018-09-07 22:35:43.872 [main] selectEventSubscriptionsByTypeAndProcessDefinitionId - ==>  Preparing: select * from ACT_RU_EVENT_SUBSCR WHERE (EVENT_TYPE_ = ?) and PROC_DEF_ID_ = ? and EXECUTION_ID_ is null and PROC_INST_ID_ is null and (TENANT_ID_ = '' or TENANT_ID_ is null) 
[DEBUG] 2018-09-07 22:35:43.875 [main] selectEventSubscriptionsByTypeAndProcessDefinitionId - ==> Parameters: message(String), task:1:4(String)
[DEBUG] 2018-09-07 22:35:43.881 [main] selectEventSubscriptionsByTypeAndProcessDefinitionId - <==      Total: 0
[DEBUG] 2018-09-07 22:35:43.882 [main] selectEventSubscriptionsByTypeAndProcessDefinitionId - ==>  Preparing: select * from ACT_RU_EVENT_SUBSCR WHERE (EVENT_TYPE_ = ?) and PROC_DEF_ID_ = ? and EXECUTION_ID_ is null and PROC_INST_ID_ is null and (TENANT_ID_ = '' or TENANT_ID_ is null) 
[DEBUG] 2018-09-07 22:35:43.883 [main] selectEventSubscriptionsByTypeAndProcessDefinitionId - ==> Parameters: signal(String), task:1:4(String)
[DEBUG] 2018-09-07 22:35:43.886 [main] selectEventSubscriptionsByTypeAndProcessDefinitionId - <==      Total: 0
[DEBUG] 2018-09-07 22:35:43.887 [main] selectTimerJobByTypeAndProcessDefinitionKeyNoTenantId - ==>  Preparing: select J.* from ACT_RU_TIMER_JOB J inner join ACT_RE_PROCDEF P on J.PROC_DEF_ID_ = P.ID_ where J.HANDLER_TYPE_ = ? and P.KEY_ = ? and (P.TENANT_ID_ = '' or P.TENANT_ID_ is null) 
[DEBUG] 2018-09-07 22:35:43.898 [main] selectTimerJobByTypeAndProcessDefinitionKeyNoTenantId - ==> Parameters: timer-start-event(String), task(String)
[DEBUG] 2018-09-07 22:35:43.903 [main] selectTimerJobByTypeAndProcessDefinitionKeyNoTenantId - <==      Total: 0
[DEBUG] 2018-09-07 22:35:43.913 [main] selectProcessDefinitionInfoByProcessDefinitionId - ==>  Preparing: select * from ACT_PROCDEF_INFO where PROC_DEF_ID_ = ? 
[DEBUG] 2018-09-07 22:35:43.914 [main] selectProcessDefinitionInfoByProcessDefinitionId - ==> Parameters: task:2:2504(String)
[DEBUG] 2018-09-07 22:35:43.917 [main] selectProcessDefinitionInfoByProcessDefinitionId - <==      Total: 0
[DEBUG] 2018-09-07 22:35:43.918 [main] insertProcessDefinition - ==>  Preparing: insert into ACT_RE_PROCDEF(ID_, REV_, CATEGORY_, NAME_, KEY_, VERSION_, DEPLOYMENT_ID_, RESOURCE_NAME_, DGRM_RESOURCE_NAME_, DESCRIPTION_, HAS_START_FORM_KEY_, HAS_GRAPHICAL_NOTATION_ , SUSPENSION_STATE_, TENANT_ID_, ENGINE_VERSION_) values (?, 1, ?, ?, ?, ?, ?, ?, ?, ?, ?, ?, ?, ?, ?) 
[DEBUG] 2018-09-07 22:35:43.983 [main] insertProcessDefinition - ==> Parameters: task:2:2504(String), http://www.activiti.org/test(String), taskProcess(String), task(String), 2(Integer), 2501(String), processes/task.bpmn(String), processes/task.task.png(String), null, false(Boolean), true(Boolean), 1(Integer), (String), null
[DEBUG] 2018-09-07 22:35:43.986 [main] insertProcessDefinition - <==    Updates: 1
[DEBUG] 2018-09-07 22:35:43.986 [main] insertDeployment - ==>  Preparing: insert into ACT_RE_DEPLOYMENT(ID_, NAME_, CATEGORY_, KEY_, TENANT_ID_, DEPLOY_TIME_, ENGINE_VERSION_) values(?, ?, ?, ?, ?, ?, ?) 
[DEBUG] 2018-09-07 22:35:43.991 [main] insertDeployment - ==> Parameters: 2501(String), 组任务流程(String), null, null, (String), 2018-09-07 22:35:42.831(Timestamp), null
[DEBUG] 2018-09-07 22:35:43.996 [main] insertDeployment - <==    Updates: 1
[DEBUG] 2018-09-07 22:35:44.003 [main] bulkInsertResource - ==>  Preparing: INSERT INTO ACT_GE_BYTEARRAY(ID_, REV_, NAME_, BYTES_, DEPLOYMENT_ID_, GENERATED_) VALUES (?, 1, ?, ?, ?, ?) , (?, 1, ?, ?, ?, ?) 
[DEBUG] 2018-09-07 22:35:44.006 [main] bulkInsertResource - ==> Parameters: 2502(String), processes/task.bpmn(String), java.io.ByteArrayInputStream@32f45e15(ByteArrayInputStream), 2501(String), false(Boolean), 2503(String), processes/task.task.png(String), java.io.ByteArrayInputStream@4e7151b3(ByteArrayInputStream), 2501(String), true(Boolean)
[DEBUG] 2018-09-07 22:35:44.016 [main] bulkInsertResource - <==    Updates: 2
[DEBUG] 2018-09-07 22:35:44.137 [main] selectLatestProcessDefinitionByKey - ==>  Preparing: select * from ACT_RE_PROCDEF where KEY_ = ? and (TENANT_ID_ = '' or TENANT_ID_ is null) and VERSION_ = (select max(VERSION_) from ACT_RE_PROCDEF where KEY_ = ? and (TENANT_ID_ = '' or TENANT_ID_ is null)) 
[DEBUG] 2018-09-07 22:35:44.138 [main] selectLatestProcessDefinitionByKey - ==> Parameters: task(String), task(String)
[DEBUG] 2018-09-07 22:35:44.142 [main] selectLatestProcessDefinitionByKey - <==      Total: 1
[DEBUG] 2018-09-07 22:35:44.145 [main] ExecutionEntityManagerImpl - Child execution Execution[ id '2506' ] - parent '2505' created with parent 2505
[DEBUG] 2018-09-07 22:35:44.209 [main] selectIdentityLinksByTask - ==>  Preparing: select * from ACT_RU_IDENTITYLINK where TASK_ID_ = ? 
[DEBUG] 2018-09-07 22:35:44.211 [main] selectIdentityLinksByTask - ==> Parameters: 2509(String)
[DEBUG] 2018-09-07 22:35:44.215 [main] selectIdentityLinksByTask - <==      Total: 0
[DEBUG] 2018-09-07 22:35:44.227 [main] insertHistoricTaskInstance - ==>  Preparing: insert into ACT_HI_TASKINST ( ID_, PROC_DEF_ID_, PROC_INST_ID_, EXECUTION_ID_, NAME_, PARENT_TASK_ID_, DESCRIPTION_, OWNER_, ASSIGNEE_, START_TIME_, CLAIM_TIME_, END_TIME_, DURATION_, DELETE_REASON_, TASK_DEF_KEY_, FORM_KEY_, PRIORITY_, DUE_DATE_, CATEGORY_, TENANT_ID_ ) values ( ?, ?, ?, ?, ?, ?, ?, ?, ?, ?, ?, ?, ?, ?, ?, ?, ?, ?, ?, ? ) 
[DEBUG] 2018-09-07 22:35:44.231 [main] insertHistoricTaskInstance - ==> Parameters: 2509(String), task:2:2504(String), 2505(String), 2506(String), 审批(String), null, null, null, null, 2018-09-07 22:35:44.208(Timestamp), null, null, null, null, usertask1(String), null, 50(Integer), null, null, (String)
[DEBUG] 2018-09-07 22:35:44.234 [main] insertHistoricTaskInstance - <==    Updates: 1
[DEBUG] 2018-09-07 22:35:44.235 [main] insertHistoricProcessInstance - ==>  Preparing: insert into ACT_HI_PROCINST ( ID_, PROC_INST_ID_, BUSINESS_KEY_, PROC_DEF_ID_, START_TIME_, END_TIME_, DURATION_, START_USER_ID_, START_ACT_ID_, END_ACT_ID_, SUPER_PROCESS_INSTANCE_ID_, DELETE_REASON_, TENANT_ID_, NAME_ ) values ( ?, ?, ?, ?, ?, ?, ?, ?, ?, ?, ?, ?, ?, ? ) 
[DEBUG] 2018-09-07 22:35:44.239 [main] insertHistoricProcessInstance - ==> Parameters: 2505(String), 2505(String), null, task:2:2504(String), 2018-09-07 22:35:44.144(Timestamp), null, null, null, startevent1(String), null, null, null, (String), null
[DEBUG] 2018-09-07 22:35:44.268 [main] insertHistoricProcessInstance - <==    Updates: 1
[DEBUG] 2018-09-07 22:35:44.271 [main] bulkInsertHistoricActivityInstance - ==>  Preparing: insert into ACT_HI_ACTINST ( ID_, PROC_DEF_ID_, PROC_INST_ID_, EXECUTION_ID_, ACT_ID_, TASK_ID_, CALL_PROC_INST_ID_, ACT_NAME_, ACT_TYPE_, ASSIGNEE_, START_TIME_, END_TIME_, DURATION_, DELETE_REASON_, TENANT_ID_ ) values (?, ?, ?, ?, ?, ?, ?, ?, ?, ?, ?, ?, ?, ?, ?) , (?, ?, ?, ?, ?, ?, ?, ?, ?, ?, ?, ?, ?, ?, ?) 
[DEBUG] 2018-09-07 22:35:44.287 [main] bulkInsertHistoricActivityInstance - ==> Parameters: 2507(String), task:2:2504(String), 2505(String), 2506(String), startevent1(String), null, null, Start(String), startEvent(String), null, 2018-09-07 22:35:44.149(Timestamp), 2018-09-07 22:35:44.154(Timestamp), 5(Long), null, (String), 2508(String), task:2:2504(String), 2505(String), 2506(String), usertask1(String), 2509(String), null, 审批(String), userTask(String), null, 2018-09-07 22:35:44.158(Timestamp), null, null, null, (String)
[DEBUG] 2018-09-07 22:35:44.290 [main] bulkInsertHistoricActivityInstance - <==    Updates: 2
[DEBUG] 2018-09-07 22:35:44.295 [main] bulkInsertHistoricIdentityLink - ==>  Preparing: insert into ACT_HI_IDENTITYLINK (ID_, TYPE_, USER_ID_, GROUP_ID_, TASK_ID_, PROC_INST_ID_) values (?, ?, ?, ?, ?, ?) , (?, ?, ?, ?, ?, ?) , (?, ?, ?, ?, ?, ?) , (?, ?, ?, ?, ?, ?) , (?, ?, ?, ?, ?, ?) 
[DEBUG] 2018-09-07 22:35:44.301 [main] bulkInsertHistoricIdentityLink - ==> Parameters: 2510(String), candidate(String), null, 经理(String), 2509(String), null, 2511(String), candidate(String), 郭靖(String), null, 2509(String), null, 2512(String), participant(String), 郭靖(String), null, null, 2505(String), 2513(String), candidate(String), 黄蓉(String), null, 2509(String), null, 2514(String), participant(String), 黄蓉(String), null, null, 2505(String)
[DEBUG] 2018-09-07 22:35:44.305 [main] bulkInsertHistoricIdentityLink - <==    Updates: 5
[DEBUG] 2018-09-07 22:35:44.308 [main] bulkInsertExecution - ==>  Preparing: insert into ACT_RU_EXECUTION (ID_, REV_, PROC_INST_ID_, BUSINESS_KEY_, PROC_DEF_ID_, ACT_ID_, IS_ACTIVE_, IS_CONCURRENT_, IS_SCOPE_,IS_EVENT_SCOPE_, IS_MI_ROOT_, PARENT_ID_, SUPER_EXEC_, ROOT_PROC_INST_ID_, SUSPENSION_STATE_, TENANT_ID_, NAME_, START_TIME_, START_USER_ID_, IS_COUNT_ENABLED_, EVT_SUBSCR_COUNT_, TASK_COUNT_, JOB_COUNT_, TIMER_JOB_COUNT_, SUSP_JOB_COUNT_, DEADLETTER_JOB_COUNT_, VAR_COUNT_, ID_LINK_COUNT_) values (?, 1, ?, ?, ?, ?, ?, ?, ?, ?, ?, ?, ?, ?, ?, ?, ?, ?, ?, ?, ?, ?, ?, ?, ?, ?, ?, ?) , (?, 1, ?, ?, ?, ?, ?, ?, ?, ?, ?, ?, ?, ?, ?, ?, ?, ?, ?, ?, ?, ?, ?, ?, ?, ?, ?, ?) 
[DEBUG] 2018-09-07 22:35:44.317 [main] bulkInsertExecution - ==> Parameters: 2505(String), 2505(String), null, task:2:2504(String), null, true(Boolean), false(Boolean), true(Boolean), false(Boolean), false(Boolean), null, null, 2505(String), 1(Integer), (String), null, 2018-09-07 22:35:44.144(Timestamp), null, false(Boolean), 0(Integer), 0(Integer), 0(Integer), 0(Integer), 0(Integer), 0(Integer), 0(Integer), 0(Integer), 2506(String), 2505(String), null, task:2:2504(String), usertask1(String), true(Boolean), false(Boolean), false(Boolean), false(Boolean), false(Boolean), 2505(String), null, 2505(String), 1(Integer), (String), null, 2018-09-07 22:35:44.144(Timestamp), null, false(Boolean), 0(Integer), 0(Integer), 0(Integer), 0(Integer), 0(Integer), 0(Integer), 0(Integer), 0(Integer)
[DEBUG] 2018-09-07 22:35:44.322 [main] bulkInsertExecution - <==    Updates: 2
[DEBUG] 2018-09-07 22:35:44.323 [main] insertTask - ==>  Preparing: insert into ACT_RU_TASK (ID_, REV_, NAME_, PARENT_TASK_ID_, DESCRIPTION_, PRIORITY_, CREATE_TIME_, OWNER_, ASSIGNEE_, DELEGATION_, EXECUTION_ID_, PROC_INST_ID_, PROC_DEF_ID_, TASK_DEF_KEY_, DUE_DATE_, CATEGORY_, SUSPENSION_STATE_, TENANT_ID_, FORM_KEY_, CLAIM_TIME_) values (?, 1, ?, ?, ?, ?, ?, ?, ?, ?, ?, ?, ?, ?, ?, ?, ?, ?, ?, ? ) 
[DEBUG] 2018-09-07 22:35:44.327 [main] insertTask - ==> Parameters: 2509(String), 审批(String), null, null, 50(Integer), 2018-09-07 22:35:44.158(Timestamp), null, null, null, 2506(String), 2505(String), task:2:2504(String), usertask1(String), null, null, 1(Integer), (String), null, null
[DEBUG] 2018-09-07 22:35:44.332 [main] insertTask - <==    Updates: 1
[DEBUG] 2018-09-07 22:35:44.334 [main] bulkInsertIdentityLink - ==>  Preparing: insert into ACT_RU_IDENTITYLINK (ID_, REV_, TYPE_, USER_ID_, GROUP_ID_, TASK_ID_, PROC_INST_ID_, PROC_DEF_ID_) values (?, 1, ?, ?, ?, ?, ?, ?) , (?, 1, ?, ?, ?, ?, ?, ?) , (?, 1, ?, ?, ?, ?, ?, ?) , (?, 1, ?, ?, ?, ?, ?, ?) , (?, 1, ?, ?, ?, ?, ?, ?) 
[DEBUG] 2018-09-07 22:35:44.338 [main] bulkInsertIdentityLink - ==> Parameters: 2510(String), candidate(String), null, 经理(String), 2509(String), null, null, 2511(String), candidate(String), 郭靖(String), null, 2509(String), null, null, 2512(String), participant(String), 郭靖(String), null, null, 2505(String), null, 2513(String), candidate(String), 黄蓉(String), null, 2509(String), null, null, 2514(String), participant(String), 黄蓉(String), null, null, 2505(String), null
[DEBUG] 2018-09-07 22:35:44.345 [main] bulkInsertIdentityLink - <==    Updates: 5
[DEBUG] 2018-09-07 22:38:54.668 [main] selectProperty - ==>  Preparing: select * from ACT_GE_PROPERTY where NAME_ = ? 
[DEBUG] 2018-09-07 22:38:54.742 [main] selectProperty - ==> Parameters: schema.version(String)
[DEBUG] 2018-09-07 22:38:54.757 [main] selectProperty - <==      Total: 1
[DEBUG] 2018-09-07 22:38:54.798 [main] selectProperty - ==>  Preparing: select * from ACT_GE_PROPERTY where NAME_ = ? 
[DEBUG] 2018-09-07 22:38:54.798 [main] selectProperty - ==> Parameters: cfg.execution-related-entities-count(String)
[DEBUG] 2018-09-07 22:38:54.803 [main] selectProperty - <==      Total: 1
[DEBUG] 2018-09-07 22:39:03.686 [main] selectProperty - ==>  Preparing: select * from ACT_GE_PROPERTY where NAME_ = ? 
[DEBUG] 2018-09-07 22:39:03.687 [main] selectProperty - ==> Parameters: next.dbid(String)
[DEBUG] 2018-09-07 22:39:03.690 [main] selectProperty - <==      Total: 1
[DEBUG] 2018-09-07 22:39:03.693 [main] updateProperty - ==>  Preparing: update ACT_GE_PROPERTY SET REV_ = ?, VALUE_ = ? where NAME_ = ? and REV_ = ? 
[DEBUG] 2018-09-07 22:39:03.701 [main] updateProperty - ==> Parameters: 4(Integer), 7501(String), next.dbid(String), 3(Integer)
[DEBUG] 2018-09-07 22:39:03.741 [main] updateProperty - <==    Updates: 1
[DEBUG] 2018-09-07 22:39:04.511 [main] selectLatestProcessDefinitionByKey - ==>  Preparing: select * from ACT_RE_PROCDEF where KEY_ = ? and (TENANT_ID_ = '' or TENANT_ID_ is null) and VERSION_ = (select max(VERSION_) from ACT_RE_PROCDEF where KEY_ = ? and (TENANT_ID_ = '' or TENANT_ID_ is null)) 
[DEBUG] 2018-09-07 22:39:04.521 [main] selectLatestProcessDefinitionByKey - ==> Parameters: task(String), task(String)
[DEBUG] 2018-09-07 22:39:04.623 [main] selectLatestProcessDefinitionByKey - <==      Total: 1
[DEBUG] 2018-09-07 22:39:04.684 [main] selectEventSubscriptionsByTypeAndProcessDefinitionId - ==>  Preparing: select * from ACT_RU_EVENT_SUBSCR WHERE (EVENT_TYPE_ = ?) and PROC_DEF_ID_ = ? and EXECUTION_ID_ is null and PROC_INST_ID_ is null and (TENANT_ID_ = '' or TENANT_ID_ is null) 
[DEBUG] 2018-09-07 22:39:04.687 [main] selectEventSubscriptionsByTypeAndProcessDefinitionId - ==> Parameters: message(String), task:2:2504(String)
[DEBUG] 2018-09-07 22:39:04.692 [main] selectEventSubscriptionsByTypeAndProcessDefinitionId - <==      Total: 0
[DEBUG] 2018-09-07 22:39:04.693 [main] selectEventSubscriptionsByTypeAndProcessDefinitionId - ==>  Preparing: select * from ACT_RU_EVENT_SUBSCR WHERE (EVENT_TYPE_ = ?) and PROC_DEF_ID_ = ? and EXECUTION_ID_ is null and PROC_INST_ID_ is null and (TENANT_ID_ = '' or TENANT_ID_ is null) 
[DEBUG] 2018-09-07 22:39:04.693 [main] selectEventSubscriptionsByTypeAndProcessDefinitionId - ==> Parameters: signal(String), task:2:2504(String)
[DEBUG] 2018-09-07 22:39:04.695 [main] selectEventSubscriptionsByTypeAndProcessDefinitionId - <==      Total: 0
[DEBUG] 2018-09-07 22:39:04.697 [main] selectTimerJobByTypeAndProcessDefinitionKeyNoTenantId - ==>  Preparing: select J.* from ACT_RU_TIMER_JOB J inner join ACT_RE_PROCDEF P on J.PROC_DEF_ID_ = P.ID_ where J.HANDLER_TYPE_ = ? and P.KEY_ = ? and (P.TENANT_ID_ = '' or P.TENANT_ID_ is null) 
[DEBUG] 2018-09-07 22:39:04.707 [main] selectTimerJobByTypeAndProcessDefinitionKeyNoTenantId - ==> Parameters: timer-start-event(String), task(String)
[DEBUG] 2018-09-07 22:39:04.711 [main] selectTimerJobByTypeAndProcessDefinitionKeyNoTenantId - <==      Total: 0
[DEBUG] 2018-09-07 22:39:04.720 [main] selectProcessDefinitionInfoByProcessDefinitionId - ==>  Preparing: select * from ACT_PROCDEF_INFO where PROC_DEF_ID_ = ? 
[DEBUG] 2018-09-07 22:39:04.721 [main] selectProcessDefinitionInfoByProcessDefinitionId - ==> Parameters: task:3:5004(String)
[DEBUG] 2018-09-07 22:39:04.724 [main] selectProcessDefinitionInfoByProcessDefinitionId - <==      Total: 0
[DEBUG] 2018-09-07 22:39:04.726 [main] insertProcessDefinition - ==>  Preparing: insert into ACT_RE_PROCDEF(ID_, REV_, CATEGORY_, NAME_, KEY_, VERSION_, DEPLOYMENT_ID_, RESOURCE_NAME_, DGRM_RESOURCE_NAME_, DESCRIPTION_, HAS_START_FORM_KEY_, HAS_GRAPHICAL_NOTATION_ , SUSPENSION_STATE_, TENANT_ID_, ENGINE_VERSION_) values (?, 1, ?, ?, ?, ?, ?, ?, ?, ?, ?, ?, ?, ?, ?) 
[DEBUG] 2018-09-07 22:39:04.798 [main] insertProcessDefinition - ==> Parameters: task:3:5004(String), http://www.activiti.org/test(String), taskProcess(String), task(String), 3(Integer), 5001(String), processes/task.bpmn(String), processes/task.task.png(String), null, false(Boolean), true(Boolean), 1(Integer), (String), null
[DEBUG] 2018-09-07 22:39:04.807 [main] insertProcessDefinition - <==    Updates: 1
[DEBUG] 2018-09-07 22:39:04.808 [main] insertDeployment - ==>  Preparing: insert into ACT_RE_DEPLOYMENT(ID_, NAME_, CATEGORY_, KEY_, TENANT_ID_, DEPLOY_TIME_, ENGINE_VERSION_) values(?, ?, ?, ?, ?, ?, ?) 
[DEBUG] 2018-09-07 22:39:04.812 [main] insertDeployment - ==> Parameters: 5001(String), 组任务流程(String), null, null, (String), 2018-09-07 22:39:03.684(Timestamp), null
[DEBUG] 2018-09-07 22:39:04.818 [main] insertDeployment - <==    Updates: 1
[DEBUG] 2018-09-07 22:39:04.821 [main] bulkInsertResource - ==>  Preparing: INSERT INTO ACT_GE_BYTEARRAY(ID_, REV_, NAME_, BYTES_, DEPLOYMENT_ID_, GENERATED_) VALUES (?, 1, ?, ?, ?, ?) , (?, 1, ?, ?, ?, ?) 
[DEBUG] 2018-09-07 22:39:04.826 [main] bulkInsertResource - ==> Parameters: 5002(String), processes/task.bpmn(String), java.io.ByteArrayInputStream@5ca3acad(ByteArrayInputStream), 5001(String), false(Boolean), 5003(String), processes/task.task.png(String), java.io.ByteArrayInputStream@b75f3f4(ByteArrayInputStream), 5001(String), true(Boolean)
[DEBUG] 2018-09-07 22:39:04.841 [main] bulkInsertResource - <==    Updates: 2
[DEBUG] 2018-09-07 22:39:05.004 [main] selectGroupsByUserId - ==>  Preparing: select g.* from ACT_ID_GROUP g, ACT_ID_MEMBERSHIP membership where g.ID_ = membership.GROUP_ID_ and membership.USER_ID_ = ? 
[DEBUG] 2018-09-07 22:39:05.007 [main] selectGroupsByUserId - ==> Parameters: 钟明晓(String)
[DEBUG] 2018-09-07 22:39:05.048 [main] selectGroupsByUserId - <==      Total: 0
[DEBUG] 2018-09-07 22:39:05.092 [main] selectTaskByQueryCriteria - ==>  Preparing: select distinct RES.* from ACT_RU_TASK RES left join ACT_RU_IDENTITYLINK I on I.TASK_ID_ = RES.ID_ WHERE (RES.ASSIGNEE_ = ? or (RES.ASSIGNEE_ is null and I.TYPE_ = 'candidate' and (I.USER_ID_ = ? ))) order by RES.ID_ asc LIMIT ? OFFSET ? 
[DEBUG] 2018-09-07 22:39:05.100 [main] selectTaskByQueryCriteria - ==> Parameters: 钟明晓(String), 钟明晓(String), 2147483647(Integer), 0(Integer)
[DEBUG] 2018-09-07 22:39:05.105 [main] selectTaskByQueryCriteria - <==      Total: 0
[DEBUG] 2018-09-07 22:43:53.517 [main] selectProperty - ==>  Preparing: select * from ACT_GE_PROPERTY where NAME_ = ? 
[DEBUG] 2018-09-07 22:43:53.567 [main] selectProperty - ==> Parameters: schema.version(String)
[DEBUG] 2018-09-07 22:43:53.648 [main] selectProperty - <==      Total: 1
[DEBUG] 2018-09-07 22:43:53.685 [main] selectProperty - ==>  Preparing: select * from ACT_GE_PROPERTY where NAME_ = ? 
[DEBUG] 2018-09-07 22:43:53.687 [main] selectProperty - ==> Parameters: cfg.execution-related-entities-count(String)
[DEBUG] 2018-09-07 22:43:53.692 [main] selectProperty - <==      Total: 1
[DEBUG] 2018-09-07 22:44:02.374 [main] selectGroupsByUserId - ==>  Preparing: select g.* from ACT_ID_GROUP g, ACT_ID_MEMBERSHIP membership where g.ID_ = membership.GROUP_ID_ and membership.USER_ID_ = ? 
[DEBUG] 2018-09-07 22:44:02.381 [main] selectGroupsByUserId - ==> Parameters: 钟明晓(String)
[DEBUG] 2018-09-07 22:44:02.412 [main] selectGroupsByUserId - <==      Total: 1
[DEBUG] 2018-09-07 22:44:02.457 [main] selectTaskByQueryCriteria - ==>  Preparing: select distinct RES.* from ACT_RU_TASK RES left join ACT_RU_IDENTITYLINK I on I.TASK_ID_ = RES.ID_ WHERE (RES.ASSIGNEE_ = ? or (RES.ASSIGNEE_ is null and I.TYPE_ = 'candidate' and (I.USER_ID_ = ? or I.GROUP_ID_ IN ( ? ) ))) order by RES.ID_ asc LIMIT ? OFFSET ? 
[DEBUG] 2018-09-07 22:44:02.491 [main] selectTaskByQueryCriteria - ==> Parameters: 钟明晓(String), 钟明晓(String), 经理(String), 2147483647(Integer), 0(Integer)
[DEBUG] 2018-09-07 22:44:02.511 [main] selectTaskByQueryCriteria - <==      Total: 1
[DEBUG] 2018-09-07 23:10:14.382 [main] selectProperty - ==>  Preparing: select * from ACT_GE_PROPERTY where NAME_ = ? 
[DEBUG] 2018-09-07 23:10:14.496 [main] selectProperty - ==> Parameters: schema.version(String)
[DEBUG] 2018-09-07 23:10:14.510 [main] selectProperty - <==      Total: 1
[DEBUG] 2018-09-07 23:10:14.933 [main] selectProperty - ==>  Preparing: select * from ACT_GE_PROPERTY where NAME_ = ? 
[DEBUG] 2018-09-07 23:10:14.933 [main] selectProperty - ==> Parameters: cfg.execution-related-entities-count(String)
[DEBUG] 2018-09-07 23:10:14.935 [main] selectProperty - <==      Total: 1
[DEBUG] 2018-09-07 23:10:38.180 [main] selectGroupsByUserId - ==>  Preparing: select g.* from ACT_ID_GROUP g, ACT_ID_MEMBERSHIP membership where g.ID_ = membership.GROUP_ID_ and membership.USER_ID_ = ? 
[DEBUG] 2018-09-07 23:10:38.199 [main] selectGroupsByUserId - ==> Parameters: 钟明晓(String)
[DEBUG] 2018-09-07 23:10:38.204 [main] selectGroupsByUserId - <==      Total: 1
[DEBUG] 2018-09-07 23:12:52.251 [main] selectTaskByQueryCriteria - ==>  Preparing: select distinct RES.* from ACT_RU_TASK RES left join ACT_RU_IDENTITYLINK I on I.TASK_ID_ = RES.ID_ WHERE (RES.ASSIGNEE_ = ? or (RES.ASSIGNEE_ is null and I.TYPE_ = 'candidate' and (I.USER_ID_ = ? or I.GROUP_ID_ IN ( ? ) ))) order by RES.ID_ asc LIMIT ? OFFSET ? 
[DEBUG] 2018-09-07 23:12:52.288 [main] selectTaskByQueryCriteria - ==> Parameters: 钟明晓(String), 钟明晓(String), 经理(String), 2147483647(Integer), 0(Integer)
[DEBUG] 2018-09-07 23:12:52.372 [main] selectTaskByQueryCriteria - <==      Total: 1
