[DEBUG] 2018-08-29 22:43:08.773 [main] selectProperty - ==>  Preparing: select * from ACT_GE_PROPERTY where NAME_ = ? 
[DEBUG] 2018-08-29 22:43:08.948 [main] selectProperty - ==> Parameters: cfg.execution-related-entities-count(String)
[DEBUG] 2018-08-29 22:43:09.118 [main] selectProperty - <==      Total: 0
[DEBUG] 2018-08-29 22:43:09.123 [main] insertProperty - ==>  Preparing: insert into ACT_GE_PROPERTY ( NAME_, VALUE_, REV_ ) values ( ?, ?, 1 ) 
[DEBUG] 2018-08-29 22:43:09.153 [main] insertProperty - ==> Parameters: cfg.execution-related-entities-count(String), false(String)
[DEBUG] 2018-08-29 22:43:09.166 [main] insertProperty - <==    Updates: 1
[DEBUG] 2018-08-29 22:43:14.918 [main] selectProperty - ==>  Preparing: select * from ACT_GE_PROPERTY where NAME_ = ? 
[DEBUG] 2018-08-29 22:43:14.918 [main] selectProperty - ==> Parameters: next.dbid(String)
[DEBUG] 2018-08-29 22:43:14.943 [main] selectProperty - <==      Total: 1
[DEBUG] 2018-08-29 22:43:14.944 [main] updateProperty - ==>  Preparing: update ACT_GE_PROPERTY SET REV_ = ?, VALUE_ = ? where NAME_ = ? and REV_ = ? 
[DEBUG] 2018-08-29 22:43:14.971 [main] updateProperty - ==> Parameters: 2(Integer), 2501(String), next.dbid(String), 1(Integer)
[DEBUG] 2018-08-29 22:43:14.994 [main] updateProperty - <==    Updates: 1
[DEBUG] 2018-08-29 22:43:16.837 [main] selectLatestProcessDefinitionByKey - ==>  Preparing: select * from ACT_RE_PROCDEF where KEY_ = ? and (TENANT_ID_ = '' or TENANT_ID_ is null) and VERSION_ = (select max(VERSION_) from ACT_RE_PROCDEF where KEY_ = ? and (TENANT_ID_ = '' or TENANT_ID_ is null)) 
[DEBUG] 2018-08-29 22:43:16.916 [main] selectLatestProcessDefinitionByKey - ==> Parameters: myProcess(String), myProcess(String)
[DEBUG] 2018-08-29 22:43:17.060 [main] selectLatestProcessDefinitionByKey - <==      Total: 0
[DEBUG] 2018-08-29 22:43:17.068 [main] selectTimerJobByTypeAndProcessDefinitionKeyNoTenantId - ==>  Preparing: select J.* from ACT_RU_TIMER_JOB J inner join ACT_RE_PROCDEF P on J.PROC_DEF_ID_ = P.ID_ where J.HANDLER_TYPE_ = ? and P.KEY_ = ? and (P.TENANT_ID_ = '' or P.TENANT_ID_ is null) 
[DEBUG] 2018-08-29 22:43:17.100 [main] selectTimerJobByTypeAndProcessDefinitionKeyNoTenantId - ==> Parameters: timer-start-event(String), myProcess(String)
[DEBUG] 2018-08-29 22:43:17.130 [main] selectTimerJobByTypeAndProcessDefinitionKeyNoTenantId - <==      Total: 0
[DEBUG] 2018-08-29 22:43:17.160 [main] selectProcessDefinitionInfoByProcessDefinitionId - ==>  Preparing: select * from ACT_PROCDEF_INFO where PROC_DEF_ID_ = ? 
[DEBUG] 2018-08-29 22:43:17.162 [main] selectProcessDefinitionInfoByProcessDefinitionId - ==> Parameters: myProcess:1:4(String)
[DEBUG] 2018-08-29 22:43:17.165 [main] selectProcessDefinitionInfoByProcessDefinitionId - <==      Total: 0
[DEBUG] 2018-08-29 22:43:17.166 [main] insertProcessDefinition - ==>  Preparing: insert into ACT_RE_PROCDEF(ID_, REV_, CATEGORY_, NAME_, KEY_, VERSION_, DEPLOYMENT_ID_, RESOURCE_NAME_, DGRM_RESOURCE_NAME_, DESCRIPTION_, HAS_START_FORM_KEY_, HAS_GRAPHICAL_NOTATION_ , SUSPENSION_STATE_, TENANT_ID_, ENGINE_VERSION_) values (?, 1, ?, ?, ?, ?, ?, ?, ?, ?, ?, ?, ?, ?, ?) 
[DEBUG] 2018-08-29 22:43:17.179 [main] insertProcessDefinition - ==> Parameters: myProcess:1:4(String), http://www.activiti.org/test(String), My process(String), myProcess(String), 1(Integer), 1(String), processes/MyProcess.bpmn(String), processes/MyProcess.myProcess.png(String), null, false(Boolean), true(Boolean), 1(Integer), (String), null
[DEBUG] 2018-08-29 22:43:17.182 [main] insertProcessDefinition - <==    Updates: 1
[DEBUG] 2018-08-29 22:43:17.183 [main] insertDeployment - ==>  Preparing: insert into ACT_RE_DEPLOYMENT(ID_, NAME_, CATEGORY_, KEY_, TENANT_ID_, DEPLOY_TIME_, ENGINE_VERSION_) values(?, ?, ?, ?, ?, ?, ?) 
[DEBUG] 2018-08-29 22:43:17.186 [main] insertDeployment - ==> Parameters: 1(String), 出差报销流程(String), null, null, (String), 2018-08-29 22:43:14.916(Timestamp), null
[DEBUG] 2018-08-29 22:43:17.210 [main] insertDeployment - <==    Updates: 1
[DEBUG] 2018-08-29 22:43:17.236 [main] bulkInsertResource - ==>  Preparing: INSERT INTO ACT_GE_BYTEARRAY(ID_, REV_, NAME_, BYTES_, DEPLOYMENT_ID_, GENERATED_) VALUES (?, 1, ?, ?, ?, ?) , (?, 1, ?, ?, ?, ?) 
[DEBUG] 2018-08-29 22:43:17.237 [main] bulkInsertResource - ==> Parameters: 2(String), processes/MyProcess.bpmn(String), java.io.ByteArrayInputStream@184bb873(ByteArrayInputStream), 1(String), false(Boolean), 3(String), processes/MyProcess.myProcess.png(String), java.io.ByteArrayInputStream@696ce057(ByteArrayInputStream), 1(String), true(Boolean)
[DEBUG] 2018-08-29 22:43:17.260 [main] bulkInsertResource - <==    Updates: 2
[DEBUG] 2018-08-29 23:15:26.398 [main] selectProperty - ==>  Preparing: select * from ACT_GE_PROPERTY where NAME_ = ? 
[DEBUG] 2018-08-29 23:15:26.466 [main] selectProperty - ==> Parameters: schema.version(String)
[DEBUG] 2018-08-29 23:15:26.482 [main] selectProperty - <==      Total: 1
[DEBUG] 2018-08-29 23:15:26.518 [main] selectProperty - ==>  Preparing: select * from ACT_GE_PROPERTY where NAME_ = ? 
[DEBUG] 2018-08-29 23:15:26.519 [main] selectProperty - ==> Parameters: cfg.execution-related-entities-count(String)
[DEBUG] 2018-08-29 23:15:26.521 [main] selectProperty - <==      Total: 1
[DEBUG] 2018-08-29 23:15:34.472 [main] selectLatestProcessDefinitionByKey - ==>  Preparing: select * from ACT_RE_PROCDEF where KEY_ = ? and (TENANT_ID_ = '' or TENANT_ID_ is null) and VERSION_ = (select max(VERSION_) from ACT_RE_PROCDEF where KEY_ = ? and (TENANT_ID_ = '' or TENANT_ID_ is null)) 
[DEBUG] 2018-08-29 23:15:34.491 [main] selectLatestProcessDefinitionByKey - ==> Parameters: myProcess(String), myProcess(String)
[DEBUG] 2018-08-29 23:15:34.542 [main] selectLatestProcessDefinitionByKey - <==      Total: 1
[DEBUG] 2018-08-29 23:15:34.543 [main] selectDeployment - ==>  Preparing: select * from ACT_RE_DEPLOYMENT where ID_ = ? 
[DEBUG] 2018-08-29 23:15:34.546 [main] selectDeployment - ==> Parameters: 1(String)
[DEBUG] 2018-08-29 23:15:34.553 [main] selectDeployment - <==      Total: 1
[DEBUG] 2018-08-29 23:15:34.555 [main] selectResourcesByDeploymentId - ==>  Preparing: select * from ACT_GE_BYTEARRAY where DEPLOYMENT_ID_ = ? order by NAME_ asc 
[DEBUG] 2018-08-29 23:15:34.562 [main] selectResourcesByDeploymentId - ==> Parameters: 1(String)
[DEBUG] 2018-08-29 23:15:34.612 [main] selectResourcesByDeploymentId - <==      Total: 2
[DEBUG] 2018-08-29 23:15:34.760 [main] selectProcessDefinitionByDeploymentAndKey - ==>  Preparing: select * from ACT_RE_PROCDEF where DEPLOYMENT_ID_ = ? and KEY_ = ? and (TENANT_ID_ = '' or TENANT_ID_ is null) 
[DEBUG] 2018-08-29 23:15:34.762 [main] selectProcessDefinitionByDeploymentAndKey - ==> Parameters: 1(String), myProcess(String)
[DEBUG] 2018-08-29 23:15:34.766 [main] selectProcessDefinitionByDeploymentAndKey - <==      Total: 1
[DEBUG] 2018-08-29 23:15:34.776 [main] selectProcessDefinitionInfoByProcessDefinitionId - ==>  Preparing: select * from ACT_PROCDEF_INFO where PROC_DEF_ID_ = ? 
[DEBUG] 2018-08-29 23:15:34.777 [main] selectProcessDefinitionInfoByProcessDefinitionId - ==> Parameters: myProcess:1:4(String)
[DEBUG] 2018-08-29 23:15:34.781 [main] selectProcessDefinitionInfoByProcessDefinitionId - <==      Total: 0
[DEBUG] 2018-08-29 23:15:34.812 [main] selectProperty - ==>  Preparing: select * from ACT_GE_PROPERTY where NAME_ = ? 
[DEBUG] 2018-08-29 23:15:34.813 [main] selectProperty - ==> Parameters: next.dbid(String)
[DEBUG] 2018-08-29 23:15:34.836 [main] selectProperty - <==      Total: 1
[DEBUG] 2018-08-29 23:15:34.839 [main] updateProperty - ==>  Preparing: update ACT_GE_PROPERTY SET REV_ = ?, VALUE_ = ? where NAME_ = ? and REV_ = ? 
[DEBUG] 2018-08-29 23:15:34.846 [main] updateProperty - ==> Parameters: 3(Integer), 5001(String), next.dbid(String), 2(Integer)
[DEBUG] 2018-08-29 23:15:34.849 [main] updateProperty - <==    Updates: 1
[DEBUG] 2018-08-29 23:15:34.856 [main] ExecutionEntityManagerImpl - Child execution Execution[ id '2502' ] - parent '2501' created with parent 2501
[DEBUG] 2018-08-29 23:15:34.891 [main] insertHistoricTaskInstance - ==>  Preparing: insert into ACT_HI_TASKINST ( ID_, PROC_DEF_ID_, PROC_INST_ID_, EXECUTION_ID_, NAME_, PARENT_TASK_ID_, DESCRIPTION_, OWNER_, ASSIGNEE_, START_TIME_, CLAIM_TIME_, END_TIME_, DURATION_, DELETE_REASON_, TASK_DEF_KEY_, FORM_KEY_, PRIORITY_, DUE_DATE_, CATEGORY_, TENANT_ID_ ) values ( ?, ?, ?, ?, ?, ?, ?, ?, ?, ?, ?, ?, ?, ?, ?, ?, ?, ?, ?, ? ) 
[DEBUG] 2018-08-29 23:15:35.062 [main] insertHistoricTaskInstance - ==> Parameters: 2505(String), myProcess:1:4(String), 2501(String), 2502(String), 出差费用申报(String), null, null, null, 小0(String), 2018-08-29 23:15:34.888(Timestamp), null, null, null, null, usertask1(String), null, 50(Integer), null, null, (String)
[DEBUG] 2018-08-29 23:15:35.083 [main] insertHistoricTaskInstance - <==    Updates: 1
[DEBUG] 2018-08-29 23:15:35.084 [main] insertHistoricProcessInstance - ==>  Preparing: insert into ACT_HI_PROCINST ( ID_, PROC_INST_ID_, BUSINESS_KEY_, PROC_DEF_ID_, START_TIME_, END_TIME_, DURATION_, START_USER_ID_, START_ACT_ID_, END_ACT_ID_, SUPER_PROCESS_INSTANCE_ID_, DELETE_REASON_, TENANT_ID_, NAME_ ) values ( ?, ?, ?, ?, ?, ?, ?, ?, ?, ?, ?, ?, ?, ? ) 
[DEBUG] 2018-08-29 23:15:35.088 [main] insertHistoricProcessInstance - ==> Parameters: 2501(String), 2501(String), null, myProcess:1:4(String), 2018-08-29 23:15:34.81(Timestamp), null, null, null, startevent1(String), null, null, null, (String), null
[DEBUG] 2018-08-29 23:15:35.104 [main] insertHistoricProcessInstance - <==    Updates: 1
[DEBUG] 2018-08-29 23:15:35.139 [main] bulkInsertHistoricActivityInstance - ==>  Preparing: insert into ACT_HI_ACTINST ( ID_, PROC_DEF_ID_, PROC_INST_ID_, EXECUTION_ID_, ACT_ID_, TASK_ID_, CALL_PROC_INST_ID_, ACT_NAME_, ACT_TYPE_, ASSIGNEE_, START_TIME_, END_TIME_, DURATION_, DELETE_REASON_, TENANT_ID_ ) values (?, ?, ?, ?, ?, ?, ?, ?, ?, ?, ?, ?, ?, ?, ?) , (?, ?, ?, ?, ?, ?, ?, ?, ?, ?, ?, ?, ?, ?, ?) 
[DEBUG] 2018-08-29 23:15:35.145 [main] bulkInsertHistoricActivityInstance - ==> Parameters: 2503(String), myProcess:1:4(String), 2501(String), 2502(String), startevent1(String), null, null, Start(String), startEvent(String), null, 2018-08-29 23:15:34.859(Timestamp), 2018-08-29 23:15:34.863(Timestamp), 4(Long), null, (String), 2504(String), myProcess:1:4(String), 2501(String), 2502(String), usertask1(String), 2505(String), null, 出差费用申报(String), userTask(String), 小0(String), 2018-08-29 23:15:34.865(Timestamp), null, null, null, (String)
[DEBUG] 2018-08-29 23:15:35.149 [main] bulkInsertHistoricActivityInstance - <==    Updates: 2
[DEBUG] 2018-08-29 23:15:35.149 [main] insertHistoricIdentityLink - ==>  Preparing: insert into ACT_HI_IDENTITYLINK (ID_, TYPE_, USER_ID_, GROUP_ID_, TASK_ID_, PROC_INST_ID_) values (?, ?, ?, ?, ?, ?) 
[DEBUG] 2018-08-29 23:15:35.151 [main] insertHistoricIdentityLink - ==> Parameters: 2506(String), participant(String), 小0(String), null, null, 2501(String)
[DEBUG] 2018-08-29 23:15:35.155 [main] insertHistoricIdentityLink - <==    Updates: 1
[DEBUG] 2018-08-29 23:15:35.158 [main] bulkInsertExecution - ==>  Preparing: insert into ACT_RU_EXECUTION (ID_, REV_, PROC_INST_ID_, BUSINESS_KEY_, PROC_DEF_ID_, ACT_ID_, IS_ACTIVE_, IS_CONCURRENT_, IS_SCOPE_,IS_EVENT_SCOPE_, IS_MI_ROOT_, PARENT_ID_, SUPER_EXEC_, ROOT_PROC_INST_ID_, SUSPENSION_STATE_, TENANT_ID_, NAME_, START_TIME_, START_USER_ID_, IS_COUNT_ENABLED_, EVT_SUBSCR_COUNT_, TASK_COUNT_, JOB_COUNT_, TIMER_JOB_COUNT_, SUSP_JOB_COUNT_, DEADLETTER_JOB_COUNT_, VAR_COUNT_, ID_LINK_COUNT_) values (?, 1, ?, ?, ?, ?, ?, ?, ?, ?, ?, ?, ?, ?, ?, ?, ?, ?, ?, ?, ?, ?, ?, ?, ?, ?, ?, ?) , (?, 1, ?, ?, ?, ?, ?, ?, ?, ?, ?, ?, ?, ?, ?, ?, ?, ?, ?, ?, ?, ?, ?, ?, ?, ?, ?, ?) 
[DEBUG] 2018-08-29 23:15:35.169 [main] bulkInsertExecution - ==> Parameters: 2501(String), 2501(String), null, myProcess:1:4(String), null, true(Boolean), false(Boolean), true(Boolean), false(Boolean), false(Boolean), null, null, 2501(String), 1(Integer), (String), null, 2018-08-29 23:15:34.81(Timestamp), null, false(Boolean), 0(Integer), 0(Integer), 0(Integer), 0(Integer), 0(Integer), 0(Integer), 0(Integer), 0(Integer), 2502(String), 2501(String), null, myProcess:1:4(String), usertask1(String), true(Boolean), false(Boolean), false(Boolean), false(Boolean), false(Boolean), 2501(String), null, 2501(String), 1(Integer), (String), null, 2018-08-29 23:15:34.856(Timestamp), null, false(Boolean), 0(Integer), 0(Integer), 0(Integer), 0(Integer), 0(Integer), 0(Integer), 0(Integer), 0(Integer)
[DEBUG] 2018-08-29 23:15:35.209 [main] bulkInsertExecution - <==    Updates: 2
[DEBUG] 2018-08-29 23:15:35.210 [main] insertTask - ==>  Preparing: insert into ACT_RU_TASK (ID_, REV_, NAME_, PARENT_TASK_ID_, DESCRIPTION_, PRIORITY_, CREATE_TIME_, OWNER_, ASSIGNEE_, DELEGATION_, EXECUTION_ID_, PROC_INST_ID_, PROC_DEF_ID_, TASK_DEF_KEY_, DUE_DATE_, CATEGORY_, SUSPENSION_STATE_, TENANT_ID_, FORM_KEY_, CLAIM_TIME_) values (?, 1, ?, ?, ?, ?, ?, ?, ?, ?, ?, ?, ?, ?, ?, ?, ?, ?, ?, ? ) 
[DEBUG] 2018-08-29 23:15:35.213 [main] insertTask - ==> Parameters: 2505(String), 出差费用申报(String), null, null, 50(Integer), 2018-08-29 23:15:34.865(Timestamp), null, 小0(String), null, 2502(String), 2501(String), myProcess:1:4(String), usertask1(String), null, null, 1(Integer), (String), null, null
[DEBUG] 2018-08-29 23:15:35.232 [main] insertTask - <==    Updates: 1
[DEBUG] 2018-08-29 23:15:35.233 [main] insertIdentityLink - ==>  Preparing: insert into ACT_RU_IDENTITYLINK (ID_, REV_, TYPE_, USER_ID_, GROUP_ID_, TASK_ID_, PROC_INST_ID_, PROC_DEF_ID_) values (?, 1, ?, ?, ?, ?, ?, ?) 
[DEBUG] 2018-08-29 23:15:35.235 [main] insertIdentityLink - ==> Parameters: 2506(String), participant(String), 小0(String), null, null, 2501(String), null
[DEBUG] 2018-08-29 23:15:35.238 [main] insertIdentityLink - <==    Updates: 1
[DEBUG] 2018-08-29 23:39:31.074 [main] selectProperty - ==>  Preparing: select * from ACT_GE_PROPERTY where NAME_ = ? 
[DEBUG] 2018-08-29 23:39:31.145 [main] selectProperty - ==> Parameters: schema.version(String)
[DEBUG] 2018-08-29 23:39:31.160 [main] selectProperty - <==      Total: 1
[DEBUG] 2018-08-29 23:39:31.198 [main] selectProperty - ==>  Preparing: select * from ACT_GE_PROPERTY where NAME_ = ? 
[DEBUG] 2018-08-29 23:39:31.198 [main] selectProperty - ==> Parameters: cfg.execution-related-entities-count(String)
[DEBUG] 2018-08-29 23:39:31.200 [main] selectProperty - <==      Total: 1
[DEBUG] 2018-08-29 23:39:38.510 [main] selectGroupsByUserId - ==>  Preparing: select g.* from ACT_ID_GROUP g, ACT_ID_MEMBERSHIP membership where g.ID_ = membership.GROUP_ID_ and membership.USER_ID_ = ? 
[DEBUG] 2018-08-29 23:39:38.518 [main] selectGroupsByUserId - ==> Parameters: 小0(String)
[DEBUG] 2018-08-29 23:39:38.523 [main] selectGroupsByUserId - <==      Total: 0
[DEBUG] 2018-08-29 23:39:38.561 [main] selectTaskByQueryCriteria - ==>  Preparing: select distinct RES.* from ACT_RU_TASK RES left join ACT_RU_IDENTITYLINK I on I.TASK_ID_ = RES.ID_ WHERE (RES.ASSIGNEE_ = ? or (RES.ASSIGNEE_ is null and I.TYPE_ = 'candidate' and (I.USER_ID_ = ? ))) order by RES.ID_ asc LIMIT ? OFFSET ? 
[DEBUG] 2018-08-29 23:39:38.578 [main] selectTaskByQueryCriteria - ==> Parameters: 小0(String), 小0(String), 2147483647(Integer), 0(Integer)
[DEBUG] 2018-08-29 23:39:38.685 [main] selectTaskByQueryCriteria - <==      Total: 1
[DEBUG] 2018-08-29 23:47:58.082 [main] selectProperty - ==>  Preparing: select * from ACT_GE_PROPERTY where NAME_ = ? 
[DEBUG] 2018-08-29 23:47:58.125 [main] selectProperty - ==> Parameters: schema.version(String)
[DEBUG] 2018-08-29 23:47:58.184 [main] selectProperty - <==      Total: 1
[DEBUG] 2018-08-29 23:47:58.209 [main] selectProperty - ==>  Preparing: select * from ACT_GE_PROPERTY where NAME_ = ? 
[DEBUG] 2018-08-29 23:47:58.209 [main] selectProperty - ==> Parameters: cfg.execution-related-entities-count(String)
[DEBUG] 2018-08-29 23:47:58.211 [main] selectProperty - <==      Total: 1
[DEBUG] 2018-08-29 23:48:06.771 [main] selectTask - ==>  Preparing: select * from ACT_RU_TASK where ID_ = ? 
[DEBUG] 2018-08-29 23:48:06.773 [main] selectTask - ==> Parameters: 2505(String)
[DEBUG] 2018-08-29 23:48:06.782 [main] selectTask - <==      Total: 1
[DEBUG] 2018-08-29 23:48:06.785 [main] selectProcessDefinition - ==>  Preparing: select * from ACT_RE_PROCDEF where ID_ = ? 
[DEBUG] 2018-08-29 23:48:06.787 [main] selectProcessDefinition - ==> Parameters: myProcess:1:4(String)
[DEBUG] 2018-08-29 23:48:06.791 [main] selectProcessDefinition - <==      Total: 1
[DEBUG] 2018-08-29 23:48:06.792 [main] selectDeployment - ==>  Preparing: select * from ACT_RE_DEPLOYMENT where ID_ = ? 
[DEBUG] 2018-08-29 23:48:06.793 [main] selectDeployment - ==> Parameters: 1(String)
[DEBUG] 2018-08-29 23:48:06.797 [main] selectDeployment - <==      Total: 1
[DEBUG] 2018-08-29 23:48:06.801 [main] selectResourcesByDeploymentId - ==>  Preparing: select * from ACT_GE_BYTEARRAY where DEPLOYMENT_ID_ = ? order by NAME_ asc 
[DEBUG] 2018-08-29 23:48:06.806 [main] selectResourcesByDeploymentId - ==> Parameters: 1(String)
[DEBUG] 2018-08-29 23:48:06.816 [main] selectResourcesByDeploymentId - <==      Total: 2
[DEBUG] 2018-08-29 23:48:06.991 [main] selectProcessDefinitionByDeploymentAndKey - ==>  Preparing: select * from ACT_RE_PROCDEF where DEPLOYMENT_ID_ = ? and KEY_ = ? and (TENANT_ID_ = '' or TENANT_ID_ is null) 
[DEBUG] 2018-08-29 23:48:07.000 [main] selectProcessDefinitionByDeploymentAndKey - ==> Parameters: 1(String), myProcess(String)
[DEBUG] 2018-08-29 23:48:07.004 [main] selectProcessDefinitionByDeploymentAndKey - <==      Total: 1
[DEBUG] 2018-08-29 23:48:07.011 [main] selectProcessDefinitionInfoByProcessDefinitionId - ==>  Preparing: select * from ACT_PROCDEF_INFO where PROC_DEF_ID_ = ? 
[DEBUG] 2018-08-29 23:48:07.013 [main] selectProcessDefinitionInfoByProcessDefinitionId - ==> Parameters: myProcess:1:4(String)
[DEBUG] 2018-08-29 23:48:07.016 [main] selectProcessDefinitionInfoByProcessDefinitionId - <==      Total: 0
[DEBUG] 2018-08-29 23:48:07.018 [main] selectTasksByParentTaskId - ==>  Preparing: select * from ACT_RU_TASK where PARENT_TASK_ID_ = ? 
[DEBUG] 2018-08-29 23:48:07.019 [main] selectTasksByParentTaskId - ==> Parameters: 2505(String)
[DEBUG] 2018-08-29 23:48:07.021 [main] selectTasksByParentTaskId - <==      Total: 0
[DEBUG] 2018-08-29 23:48:07.022 [main] selectIdentityLinksByTask - ==>  Preparing: select * from ACT_RU_IDENTITYLINK where TASK_ID_ = ? 
[DEBUG] 2018-08-29 23:48:07.023 [main] selectIdentityLinksByTask - ==> Parameters: 2505(String)
[DEBUG] 2018-08-29 23:48:07.026 [main] selectIdentityLinksByTask - <==      Total: 0
[DEBUG] 2018-08-29 23:48:07.027 [main] selectVariablesByTaskId - ==>  Preparing: select * from ACT_RU_VARIABLE where TASK_ID_ = ? 
[DEBUG] 2018-08-29 23:48:07.029 [main] selectVariablesByTaskId - ==> Parameters: 2505(String)
[DEBUG] 2018-08-29 23:48:07.075 [main] selectVariablesByTaskId - <==      Total: 0
[DEBUG] 2018-08-29 23:48:07.077 [main] selectHistoricTaskInstance - ==>  Preparing: select * from ACT_HI_TASKINST where ID_ = ? 
[DEBUG] 2018-08-29 23:48:07.078 [main] selectHistoricTaskInstance - ==> Parameters: 2505(String)
[DEBUG] 2018-08-29 23:48:07.082 [main] selectHistoricTaskInstance - <==      Total: 1
[DEBUG] 2018-08-29 23:48:07.083 [main] selectExecution - ==>  Preparing: select * from ACT_RU_EXECUTION where ID_ = ? 
[DEBUG] 2018-08-29 23:48:07.085 [main] selectExecution - ==> Parameters: 2502(String)
[DEBUG] 2018-08-29 23:48:07.090 [main] selectExecution - <==      Total: 1
[DEBUG] 2018-08-29 23:48:07.092 [main] selectTasksByExecutionId - ==>  Preparing: select distinct T.* from ACT_RU_TASK T where T.EXECUTION_ID_ = ? 
[DEBUG] 2018-08-29 23:48:07.096 [main] selectTasksByExecutionId - ==> Parameters: 2502(String)
[DEBUG] 2018-08-29 23:48:07.107 [main] selectTasksByExecutionId - <==      Total: 1
[DEBUG] 2018-08-29 23:48:07.116 [main] selectUnfinishedHistoricActivityInstanceExecutionIdAndActivityId - ==>  Preparing: select * from ACT_HI_ACTINST RES where EXECUTION_ID_ = ? and ACT_ID_ = ? and END_TIME_ is null 
[DEBUG] 2018-08-29 23:48:07.118 [main] selectUnfinishedHistoricActivityInstanceExecutionIdAndActivityId - ==> Parameters: 2502(String), usertask1(String)
[DEBUG] 2018-08-29 23:48:07.134 [main] selectUnfinishedHistoricActivityInstanceExecutionIdAndActivityId - <==      Total: 1
[DEBUG] 2018-08-29 23:48:07.143 [main] selectProperty - ==>  Preparing: select * from ACT_GE_PROPERTY where NAME_ = ? 
[DEBUG] 2018-08-29 23:48:07.144 [main] selectProperty - ==> Parameters: next.dbid(String)
[DEBUG] 2018-08-29 23:48:07.165 [main] selectProperty - <==      Total: 1
[DEBUG] 2018-08-29 23:48:07.169 [main] updateProperty - ==>  Preparing: update ACT_GE_PROPERTY SET REV_ = ?, VALUE_ = ? where NAME_ = ? and REV_ = ? 
[DEBUG] 2018-08-29 23:48:07.174 [main] updateProperty - ==> Parameters: 4(Integer), 7501(String), next.dbid(String), 3(Integer)
[DEBUG] 2018-08-29 23:48:07.181 [main] updateProperty - <==    Updates: 1
[DEBUG] 2018-08-29 23:48:07.214 [main] selectExecution - ==>  Preparing: select * from ACT_RU_EXECUTION where ID_ = ? 
[DEBUG] 2018-08-29 23:48:07.214 [main] selectExecution - ==> Parameters: 2501(String)
[DEBUG] 2018-08-29 23:48:07.218 [main] selectExecution - <==      Total: 1
[DEBUG] 2018-08-29 23:48:07.220 [main] selectIdentityLinksByProcessInstance - ==>  Preparing: select * from ACT_RU_IDENTITYLINK where PROC_INST_ID_ = ? 
[DEBUG] 2018-08-29 23:48:07.222 [main] selectIdentityLinksByProcessInstance - ==> Parameters: 2501(String)
[DEBUG] 2018-08-29 23:48:07.224 [main] selectIdentityLinksByProcessInstance - <==      Total: 1
[DEBUG] 2018-08-29 23:48:07.228 [main] insertHistoricTaskInstance - ==>  Preparing: insert into ACT_HI_TASKINST ( ID_, PROC_DEF_ID_, PROC_INST_ID_, EXECUTION_ID_, NAME_, PARENT_TASK_ID_, DESCRIPTION_, OWNER_, ASSIGNEE_, START_TIME_, CLAIM_TIME_, END_TIME_, DURATION_, DELETE_REASON_, TASK_DEF_KEY_, FORM_KEY_, PRIORITY_, DUE_DATE_, CATEGORY_, TENANT_ID_ ) values ( ?, ?, ?, ?, ?, ?, ?, ?, ?, ?, ?, ?, ?, ?, ?, ?, ?, ?, ?, ? ) 
[DEBUG] 2018-08-29 23:48:07.275 [main] insertHistoricTaskInstance - ==> Parameters: 5002(String), myProcess:1:4(String), 2501(String), 2502(String), 一级部门审批(String), null, null, null, 小1(String), 2018-08-29 23:48:07.214(Timestamp), null, null, null, null, usertask2(String), null, 50(Integer), null, null, (String)
[DEBUG] 2018-08-29 23:48:07.280 [main] insertHistoricTaskInstance - <==    Updates: 1
[DEBUG] 2018-08-29 23:48:07.281 [main] insertHistoricActivityInstance - ==>  Preparing: insert into ACT_HI_ACTINST ( ID_, PROC_DEF_ID_, PROC_INST_ID_, EXECUTION_ID_, ACT_ID_, TASK_ID_, CALL_PROC_INST_ID_, ACT_NAME_, ACT_TYPE_, ASSIGNEE_, START_TIME_, END_TIME_, DURATION_, DELETE_REASON_, TENANT_ID_ ) values ( ?, ?, ?, ?, ?, ?, ?, ?, ?, ?, ?, ?, ?, ?, ? ) 
[DEBUG] 2018-08-29 23:48:07.284 [main] insertHistoricActivityInstance - ==> Parameters: 5001(String), myProcess:1:4(String), 2501(String), 2502(String), usertask2(String), 5002(String), null, 一级部门审批(String), userTask(String), 小1(String), 2018-08-29 23:48:07.185(Timestamp), null, null, null, (String)
[DEBUG] 2018-08-29 23:48:07.299 [main] insertHistoricActivityInstance - <==    Updates: 1
[DEBUG] 2018-08-29 23:48:07.299 [main] insertHistoricIdentityLink - ==>  Preparing: insert into ACT_HI_IDENTITYLINK (ID_, TYPE_, USER_ID_, GROUP_ID_, TASK_ID_, PROC_INST_ID_) values (?, ?, ?, ?, ?, ?) 
[DEBUG] 2018-08-29 23:48:07.301 [main] insertHistoricIdentityLink - ==> Parameters: 5003(String), participant(String), 小1(String), null, null, 2501(String)
[DEBUG] 2018-08-29 23:48:07.308 [main] insertHistoricIdentityLink - <==    Updates: 1
[DEBUG] 2018-08-29 23:48:07.308 [main] insertTask - ==>  Preparing: insert into ACT_RU_TASK (ID_, REV_, NAME_, PARENT_TASK_ID_, DESCRIPTION_, PRIORITY_, CREATE_TIME_, OWNER_, ASSIGNEE_, DELEGATION_, EXECUTION_ID_, PROC_INST_ID_, PROC_DEF_ID_, TASK_DEF_KEY_, DUE_DATE_, CATEGORY_, SUSPENSION_STATE_, TENANT_ID_, FORM_KEY_, CLAIM_TIME_) values (?, 1, ?, ?, ?, ?, ?, ?, ?, ?, ?, ?, ?, ?, ?, ?, ?, ?, ?, ? ) 
[DEBUG] 2018-08-29 23:48:07.313 [main] insertTask - ==> Parameters: 5002(String), 一级部门审批(String), null, null, 50(Integer), 2018-08-29 23:48:07.185(Timestamp), null, 小1(String), null, 2502(String), 2501(String), myProcess:1:4(String), usertask2(String), null, null, 1(Integer), (String), null, null
[DEBUG] 2018-08-29 23:48:07.331 [main] insertTask - <==    Updates: 1
[DEBUG] 2018-08-29 23:48:07.331 [main] insertIdentityLink - ==>  Preparing: insert into ACT_RU_IDENTITYLINK (ID_, REV_, TYPE_, USER_ID_, GROUP_ID_, TASK_ID_, PROC_INST_ID_, PROC_DEF_ID_) values (?, 1, ?, ?, ?, ?, ?, ?) 
[DEBUG] 2018-08-29 23:48:07.333 [main] insertIdentityLink - ==> Parameters: 5003(String), participant(String), 小1(String), null, null, 2501(String), null
[DEBUG] 2018-08-29 23:48:07.390 [main] insertIdentityLink - <==    Updates: 1
[DEBUG] 2018-08-29 23:48:07.392 [main] updateHistoricActivityInstance - ==>  Preparing: update ACT_HI_ACTINST set EXECUTION_ID_ = ?, ASSIGNEE_ = ?, END_TIME_ = ?, DURATION_ = ?, DELETE_REASON_ = ? where ID_ = ? 
[DEBUG] 2018-08-29 23:48:07.400 [main] updateHistoricActivityInstance - ==> Parameters: 2502(String), 小0(String), 2018-08-29 23:48:07.135(Timestamp), 1952270(Long), null, 2504(String)
[DEBUG] 2018-08-29 23:48:07.402 [main] updateHistoricActivityInstance - <==    Updates: 1
[DEBUG] 2018-08-29 23:48:07.403 [main] updateExecution - ==>  Preparing: update ACT_RU_EXECUTION set REV_ = ?, BUSINESS_KEY_ = ?, PROC_DEF_ID_ = ?, ACT_ID_ = ?, IS_ACTIVE_ = ?, IS_CONCURRENT_ = ?, IS_SCOPE_ = ?, IS_EVENT_SCOPE_ = ?, IS_MI_ROOT_ = ?, PARENT_ID_ = ?, SUPER_EXEC_ = ?, ROOT_PROC_INST_ID_ = ?, SUSPENSION_STATE_ = ?, NAME_ = ?, IS_COUNT_ENABLED_ = ?, EVT_SUBSCR_COUNT_ = ?, TASK_COUNT_ = ?, JOB_COUNT_ = ?, TIMER_JOB_COUNT_ = ?, SUSP_JOB_COUNT_ = ?, DEADLETTER_JOB_COUNT_ = ?, VAR_COUNT_ = ?, ID_LINK_COUNT_ = ? where ID_ = ? and REV_ = ? 
[DEBUG] 2018-08-29 23:48:07.411 [main] updateExecution - ==> Parameters: 2(Integer), null, myProcess:1:4(String), usertask2(String), true(Boolean), false(Boolean), false(Boolean), false(Boolean), false(Boolean), 2501(String), null, 2501(String), 1(Integer), null, false(Boolean), 0(Integer), 0(Integer), 0(Integer), 0(Integer), 0(Integer), 0(Integer), 0(Integer), 0(Integer), 2502(String), 1(Integer)
[DEBUG] 2018-08-29 23:48:07.414 [main] updateExecution - <==    Updates: 1
[DEBUG] 2018-08-29 23:48:07.414 [main] updateHistoricTaskInstance - ==>  Preparing: update ACT_HI_TASKINST set PROC_DEF_ID_ = ?, EXECUTION_ID_ = ?, NAME_ = ?, PARENT_TASK_ID_ = ?, DESCRIPTION_ = ?, OWNER_ = ?, ASSIGNEE_ = ?, CLAIM_TIME_ = ?, END_TIME_ = ?, DURATION_ = ?, DELETE_REASON_ = ?, TASK_DEF_KEY_ = ?, FORM_KEY_ = ?, PRIORITY_ = ?, DUE_DATE_ = ?, CATEGORY_ = ? where ID_ = ? 
[DEBUG] 2018-08-29 23:48:07.418 [main] updateHistoricTaskInstance - ==> Parameters: myProcess:1:4(String), 2502(String), 出差费用申报(String), null, null, null, 小0(String), null, 2018-08-29 23:48:07.083(Timestamp), 1952195(Long), null, usertask1(String), null, 50(Integer), null, null, 2505(String)
[DEBUG] 2018-08-29 23:48:07.426 [main] updateHistoricTaskInstance - <==    Updates: 1
[DEBUG] 2018-08-29 23:48:07.426 [main] deleteTask - ==>  Preparing: delete from ACT_RU_TASK where ID_ = ? and REV_ = ? 
[DEBUG] 2018-08-29 23:48:07.430 [main] deleteTask - ==> Parameters: 2505(String), 1(Integer)
[DEBUG] 2018-08-29 23:48:07.431 [main] deleteTask - <==    Updates: 1
